2023-02-06 09:14:01 [ë°±ì—”ë“œ ë§›ë³´ê¸°], [32minfo[39m : 3000í¬íŠ¸ì—ì„œ ì„œë²„ê°€ ê°€ë™ë˜ì—ˆìŠµë‹ˆë‹¤.
2023-02-06 23:53:01 [ë°±ì—”ë“œ ë§›ë³´ê¸°], [32minfo[39m : 3000í¬íŠ¸ì—ì„œ ì„œë²„ê°€ ê°€ë™ë˜ì—ˆìŠµë‹ˆë‹¤.
2023-02-06 23:58:01 [ë°±ì—”ë“œ ë§›ë³´ê¸°], [32minfo[39m : 3000í¬íŠ¸ì—ì„œ ì„œë²„ê°€ ê°€ë™ë˜ì—ˆìŠµë‹ˆë‹¤.
2023-02-06 23:58:01 [ë°±ì—”ë“œ ë§›ë³´ê¸°], [32minfo[39m : 3000í¬íŠ¸ì—ì„œ ì„œë²„ê°€ ê°€ë™ë˜ì—ˆìŠµë‹ˆë‹¤.
2023-02-06 23:59:01 [ë°±ì—”ë“œ ë§›ë³´ê¸°], [32minfo[39m : 3000í¬íŠ¸ì—ì„œ ì„œë²„ê°€ ê°€ë™ë˜ì—ˆìŠµë‹ˆë‹¤.
2023-02-07 00:00:02 [ë°±ì—”ë“œ ë§›ë³´ê¸°], [32minfo[39m : 3000í¬íŠ¸ì—ì„œ ì„œë²„ê°€ ê°€ë™ë˜ì—ˆìŠµë‹ˆë‹¤.
2023-02-07 00:00:02 [ë°±ì—”ë“œ ë§›ë³´ê¸°], [32minfo[39m : 3000í¬íŠ¸ì—ì„œ ì„œë²„ê°€ ê°€ë™ë˜ì—ˆìŠµë‹ˆë‹¤.
2023-02-07 00:00:02 [ë°±ì—”ë“œ ë§›ë³´ê¸°], [32minfo[39m : 3000í¬íŠ¸ì—ì„œ ì„œë²„ê°€ ê°€ë™ë˜ì—ˆìŠµë‹ˆë‹¤.
2023-02-07 00:00:02 [ë°±ì—”ë“œ ë§›ë³´ê¸°], [32minfo[39m : POST /login 200 Response: "success: false. TypeError: Cannot destructure property 'id' of '(intermediate value)' as it is undefined."
2023-02-07 00:00:02 [ë°±ì—”ë“œ ë§›ë³´ê¸°], [32minfo[39m : POST /login 200 Response: "success: false. ë¹„ë°€ë²ˆí˜¸ê°€ í‹€ë ¸ìŠµë‹ˆë‹¤."
2023-02-07 00:01:02 [ë°±ì—”ë“œ ë§›ë³´ê¸°], [32minfo[39m : 3000í¬íŠ¸ì—ì„œ ì„œë²„ê°€ ê°€ë™ë˜ì—ˆìŠµë‹ˆë‹¤.
2023-02-07 00:01:02 [ë°±ì—”ë“œ ë§›ë³´ê¸°], [32minfo[39m : 3000í¬íŠ¸ì—ì„œ ì„œë²„ê°€ ê°€ë™ë˜ì—ˆìŠµë‹ˆë‹¤.
2023-02-07 00:02:02 [ë°±ì—”ë“œ ë§›ë³´ê¸°], [32minfo[39m : 3000í¬íŠ¸ì—ì„œ ì„œë²„ê°€ ê°€ë™ë˜ì—ˆìŠµë‹ˆë‹¤.
2023-02-07 00:02:02 [ë°±ì—”ë“œ ë§›ë³´ê¸°], [32minfo[39m : 3000í¬íŠ¸ì—ì„œ ì„œë²„ê°€ ê°€ë™ë˜ì—ˆìŠµë‹ˆë‹¤.
2023-02-07 00:02:02 [ë°±ì—”ë“œ ë§›ë³´ê¸°], [32minfo[39m : 3000í¬íŠ¸ì—ì„œ ì„œë²„ê°€ ê°€ë™ë˜ì—ˆìŠµë‹ˆë‹¤.
2023-02-07 00:02:02 [ë°±ì—”ë“œ ë§›ë³´ê¸°], [32minfo[39m : post /login  Response: "success: false. TypeError: Cannot destructure property 'id' of '(intermediate value)' as it is undefined."
2023-02-07 00:03:02 [ë°±ì—”ë“œ ë§›ë³´ê¸°], [32minfo[39m : post /login  Response: "success: true. ë¡œê·¸ì¸ ì„±ê³µí•˜ì˜€ì”ë‹ˆë‹¤."
2023-02-07 00:05:02 [ë°±ì—”ë“œ ë§›ë³´ê¸°], [32minfo[39m : 3000í¬íŠ¸ì—ì„œ ì„œë²„ê°€ ê°€ë™ë˜ì—ˆìŠµë‹ˆë‹¤.
2023-02-07 00:05:02 [ë°±ì—”ë“œ ë§›ë³´ê¸°], [32minfo[39m : post /login 200 Response: "success: false. TypeError: Cannot destructure property 'id' of '(intermediate value)' as it is undefined."
2023-02-07 00:05:02 [ë°±ì—”ë“œ ë§›ë³´ê¸°], [32minfo[39m : 3000í¬íŠ¸ì—ì„œ ì„œë²„ê°€ ê°€ë™ë˜ì—ˆìŠµë‹ˆë‹¤.
2023-02-07 00:05:02 [ë°±ì—”ë“œ ë§›ë³´ê¸°], [32minfo[39m : 3000í¬íŠ¸ì—ì„œ ì„œë²„ê°€ ê°€ë™ë˜ì—ˆìŠµë‹ˆë‹¤.
2023-02-07 00:05:02 [ë°±ì—”ë“œ ë§›ë³´ê¸°], [32minfo[39m : 3000í¬íŠ¸ì—ì„œ ì„œë²„ê°€ ê°€ë™ë˜ì—ˆìŠµë‹ˆë‹¤.
2023-02-07 00:05:02 [ë°±ì—”ë“œ ë§›ë³´ê¸°], [31merror[39m : post /login 400 Response: "success: false. TypeError: Cannot destructure property 'id' of '(intermediate value)' as it is undefined."
2023-02-07 00:07:02 [ë°±ì—”ë“œ ë§›ë³´ê¸°], [32minfo[39m : 3000í¬íŠ¸ì—ì„œ ì„œë²„ê°€ ê°€ë™ë˜ì—ˆìŠµë‹ˆë‹¤.
2023-02-07 00:08:02 [ë°±ì—”ë“œ ë§›ë³´ê¸°], [32minfo[39m : 3000í¬íŠ¸ì—ì„œ ì„œë²„ê°€ ê°€ë™ë˜ì—ˆìŠµë‹ˆë‹¤.
2023-02-07 00:11:02 [ë°±ì—”ë“œ ë§›ë³´ê¸°], [32minfo[39m : 3000í¬íŠ¸ì—ì„œ ì„œë²„ê°€ ê°€ë™ë˜ì—ˆìŠµë‹ˆë‹¤.
2023-02-07 00:11:02 [ë°±ì—”ë“œ ë§›ë³´ê¸°], [32minfo[39m : 3000í¬íŠ¸ì—ì„œ ì„œë²„ê°€ ê°€ë™ë˜ì—ˆìŠµë‹ˆë‹¤.
2023-02-07 00:11:02 [ë°±ì—”ë“œ ë§›ë³´ê¸°], [31merror[39m : post /login 400 Response: "success: false. TypeError: Cannot destructure property 'id' of '(intermediate value)' as it is undefined."
2023-02-07 00:12:02 [ë°±ì—”ë“œ ë§›ë³´ê¸°], [32minfo[39m : 3000í¬íŠ¸ì—ì„œ ì„œë²„ê°€ ê°€ë™ë˜ì—ˆìŠµë‹ˆë‹¤.
2023-02-07 00:12:02 [ë°±ì—”ë“œ ë§›ë³´ê¸°], [32minfo[39m : 3000í¬íŠ¸ì—ì„œ ì„œë²„ê°€ ê°€ë™ë˜ì—ˆìŠµë‹ˆë‹¤.
2023-02-07 00:12:02 [ë°±ì—”ë“œ ë§›ë³´ê¸°], [32minfo[39m : 3000í¬íŠ¸ì—ì„œ ì„œë²„ê°€ ê°€ë™ë˜ì—ˆìŠµë‹ˆë‹¤.
2023-02-07 00:12:02 [ë°±ì—”ë“œ ë§›ë³´ê¸°], [31merror[39m : post /login 400 Response: "success: false. TypeError: Cannot destructure property 'id' of '(intermediate value)' as it is undefined."
2023-02-07 00:12:02 [ë°±ì—”ë“œ ë§›ë³´ê¸°], [32minfo[39m : post /login 200 Response: "success: false. ë¹„ë°€ë²ˆí˜¸ê°€ í‹€ë ¸ìŠµë‹ˆë‹¤."
2023-02-07 00:13:02 [ë°±ì—”ë“œ ë§›ë³´ê¸°], [32minfo[39m : 3000í¬íŠ¸ì—ì„œ ì„œë²„ê°€ ê°€ë™ë˜ì—ˆìŠµë‹ˆë‹¤.
2023-02-07 00:13:02 [ë°±ì—”ë“œ ë§›ë³´ê¸°], [32minfo[39m : 3000í¬íŠ¸ì—ì„œ ì„œë²„ê°€ ê°€ë™ë˜ì—ˆìŠµë‹ˆë‹¤.
